2025-08-07 09:16:13 [INF] : 正在启动海康设备gRPC服务...
2025-08-07 09:16:13 [INF] : 服务地址: "0.0.0.0":15201
2025-08-07 09:16:13 [INF] GrpcService.HKSDK.DeviceManager: 设备管理器初始化完成，支持最大并发操作: 10
2025-08-07 09:16:13 [INF] GrpcService.Services.GrpcRequestQueueService: gRPC请求队列服务初始化完成，最大并发请求: 20, 队列容量: 1000
2025-08-07 09:16:13 [INF] GrpcService.HKSDK.DeviceManager: 设备管理器后台服务启动
2025-08-07 09:16:13 [INF] GrpcService.Services.GrpcRequestQueueService: gRPC请求队列处理服务启动
2025-08-07 09:16:13 [WRN] Microsoft.AspNetCore.Server.Kestrel: Overriding address(es) '"https://localhost:7177, http://localhost:5064"'. Binding to endpoints defined via IConfiguration and/or UseKestrel() instead.
2025-08-07 09:16:14 [INF] Microsoft.Hosting.Lifetime: Now listening on: "http://0.0.0.0:15201"
2025-08-07 09:16:14 [INF] Microsoft.AspNetCore.Mvc.Infrastructure.DefaultActionDescriptorCollectionProvider: No action descriptors found. This may indicate an incorrectly configured application or missing application parts. To learn more, visit https://aka.ms/aspnet/mvc/app-parts
2025-08-07 09:16:14 [INF] Microsoft.Hosting.Lifetime: Application started. Press Ctrl+C to shut down.
2025-08-07 09:16:14 [INF] Microsoft.Hosting.Lifetime: Hosting environment: "Development"
2025-08-07 09:16:14 [INF] Microsoft.Hosting.Lifetime: Content root path: "E:\国控\code\hk_grpc_service\GrpcService"
2025-08-07 09:18:22 [INF] : 正在启动海康设备gRPC服务...
2025-08-07 09:18:22 [INF] : 服务地址: "0.0.0.0":15201
2025-08-07 09:18:22 [INF] GrpcService.HKSDK.DeviceManager: 设备管理器初始化完成，支持最大并发操作: 10
2025-08-07 09:18:22 [INF] GrpcService.Services.GrpcRequestQueueService: gRPC请求队列服务初始化完成，最大并发请求: 20, 队列容量: 1000
2025-08-07 09:18:22 [INF] GrpcService.HKSDK.DeviceManager: 设备管理器后台服务启动
2025-08-07 09:18:22 [INF] GrpcService.Services.GrpcRequestQueueService: gRPC请求队列处理服务启动
2025-08-07 09:18:22 [WRN] Microsoft.AspNetCore.Server.Kestrel: Overriding address(es) '"https://localhost:7177, http://localhost:5064"'. Binding to endpoints defined via IConfiguration and/or UseKestrel() instead.
2025-08-07 09:18:22 [INF] Microsoft.Hosting.Lifetime: Now listening on: "http://0.0.0.0:15201"
2025-08-07 09:18:22 [INF] Microsoft.AspNetCore.Mvc.Infrastructure.DefaultActionDescriptorCollectionProvider: No action descriptors found. This may indicate an incorrectly configured application or missing application parts. To learn more, visit https://aka.ms/aspnet/mvc/app-parts
2025-08-07 09:18:23 [INF] Microsoft.Hosting.Lifetime: Application started. Press Ctrl+C to shut down.
2025-08-07 09:18:23 [INF] Microsoft.Hosting.Lifetime: Hosting environment: "Development"
2025-08-07 09:18:23 [INF] Microsoft.Hosting.Lifetime: Content root path: "E:\国控\code\hk_grpc_service\GrpcService"
2025-08-07 10:02:20 [INF] : 正在启动海康设备gRPC服务...
2025-08-07 10:02:20 [INF] : 服务地址: "0.0.0.0":15201
2025-08-07 10:02:28 [INF] GrpcService.HKSDK.DeviceManager: 设备管理器初始化完成，支持最大并发操作: 10
2025-08-07 10:02:45 [INF] GrpcService.Services.GrpcRequestQueueService: gRPC请求队列服务初始化完成，最大并发请求: 20, 队列容量: 1000
2025-08-07 10:02:45 [INF] GrpcService.HKSDK.DeviceManager: 设备管理器后台服务启动
2025-08-07 10:02:45 [INF] GrpcService.Services.GrpcRequestQueueService: gRPC请求队列处理服务启动
2025-08-07 10:02:45 [WRN] Microsoft.AspNetCore.Server.Kestrel: Overriding address(es) '"https://localhost:7177, http://localhost:5064"'. Binding to endpoints defined via IConfiguration and/or UseKestrel() instead.
2025-08-07 10:02:45 [INF] Microsoft.Hosting.Lifetime: Now listening on: "http://0.0.0.0:15201"
2025-08-07 10:02:45 [INF] Microsoft.AspNetCore.Mvc.Infrastructure.DefaultActionDescriptorCollectionProvider: No action descriptors found. This may indicate an incorrectly configured application or missing application parts. To learn more, visit https://aka.ms/aspnet/mvc/app-parts
2025-08-07 10:02:46 [INF] Microsoft.Hosting.Lifetime: Application started. Press Ctrl+C to shut down.
2025-08-07 10:02:46 [INF] Microsoft.Hosting.Lifetime: Hosting environment: "Development"
2025-08-07 10:02:46 [INF] Microsoft.Hosting.Lifetime: Content root path: "E:\国控\code\hk_grpc_service\GrpcService"
2025-08-07 15:27:00 [INF] : 正在启动海康设备gRPC服务...
2025-08-07 15:27:01 [INF] : 服务地址: "0.0.0.0":15201
2025-08-07 15:27:01 [INF] GrpcService.HKSDK.DeviceManager: 设备管理器初始化完成，支持最大并发操作: 10
2025-08-07 15:27:01 [INF] GrpcService.Services.GrpcRequestQueueService: gRPC请求队列服务初始化完成，最大并发请求: 20, 队列容量: 1000
2025-08-07 15:27:01 [INF] GrpcService.HKSDK.DeviceManager: 设备管理器后台服务启动
2025-08-07 15:27:01 [INF] GrpcService.Services.GrpcRequestQueueService: gRPC请求队列处理服务启动
2025-08-07 15:27:01 [WRN] Microsoft.AspNetCore.Server.Kestrel: Overriding address(es) '"https://localhost:7177, http://localhost:5064"'. Binding to endpoints defined via IConfiguration and/or UseKestrel() instead.
2025-08-07 15:27:01 [INF] Microsoft.Hosting.Lifetime: Now listening on: "http://0.0.0.0:15201"
2025-08-07 15:27:01 [INF] Microsoft.AspNetCore.Mvc.Infrastructure.DefaultActionDescriptorCollectionProvider: No action descriptors found. This may indicate an incorrectly configured application or missing application parts. To learn more, visit https://aka.ms/aspnet/mvc/app-parts
2025-08-07 15:27:01 [INF] Microsoft.Hosting.Lifetime: Application started. Press Ctrl+C to shut down.
2025-08-07 15:27:01 [INF] Microsoft.Hosting.Lifetime: Hosting environment: "Development"
2025-08-07 15:27:01 [INF] Microsoft.Hosting.Lifetime: Content root path: "E:\国控\code\hk_grpc_service\GrpcService"
2025-08-07 15:27:49 [INF] : 正在启动海康设备gRPC服务...
2025-08-07 15:27:49 [INF] : 服务地址: "0.0.0.0":15201
2025-08-07 15:27:49 [INF] GrpcService.HKSDK.DeviceManager: 设备管理器初始化完成，支持最大并发操作: 10
2025-08-07 15:27:49 [INF] GrpcService.Services.GrpcRequestQueueService: gRPC请求队列服务初始化完成，最大并发请求: 20, 队列容量: 1000
2025-08-07 15:27:49 [INF] GrpcService.HKSDK.DeviceManager: 设备管理器后台服务启动
2025-08-07 15:27:49 [INF] GrpcService.Services.GrpcRequestQueueService: gRPC请求队列处理服务启动
2025-08-07 15:27:49 [WRN] Microsoft.AspNetCore.Server.Kestrel: Overriding address(es) '"https://localhost:7177, http://localhost:5064"'. Binding to endpoints defined via IConfiguration and/or UseKestrel() instead.
2025-08-07 15:27:49 [INF] Microsoft.Hosting.Lifetime: Now listening on: "http://0.0.0.0:15201"
2025-08-07 15:27:49 [INF] Microsoft.AspNetCore.Mvc.Infrastructure.DefaultActionDescriptorCollectionProvider: No action descriptors found. This may indicate an incorrectly configured application or missing application parts. To learn more, visit https://aka.ms/aspnet/mvc/app-parts
2025-08-07 15:27:49 [INF] Microsoft.Hosting.Lifetime: Application started. Press Ctrl+C to shut down.
2025-08-07 15:27:49 [INF] Microsoft.Hosting.Lifetime: Hosting environment: "Development"
2025-08-07 15:27:49 [INF] Microsoft.Hosting.Lifetime: Content root path: "E:\国控\code\hk_grpc_service\GrpcService"
2025-08-07 15:59:23 [INF] : 正在启动海康设备gRPC服务...
2025-08-07 15:59:23 [INF] : 服务地址: "0.0.0.0":15201
2025-08-07 15:59:23 [INF] GrpcService.HKSDK.DeviceManager: 设备管理器初始化完成，支持最大并发操作: 10
2025-08-07 15:59:27 [INF] GrpcService.HKSDK.CMSService: 开始初始化CMS服务...
2025-08-07 15:59:27 [ERR] GrpcService.HKSDK.CMSService: CMS服务初始化失败
System.DllNotFoundException: Unable to load DLL 'HCOTAPCMS.dll' or one of its dependencies: 找不到指定的模块。 (0x8007007E)
   at GrpcService.HKSDK.HCOTAPCMS.OTAP_CMS_Init_Windows()
   at GrpcService.HKSDK.HCOTAPCMS.OTAP_CMS_Init() in E:\国控\code\hk_grpc_service\GrpcService\HKSDK\HCOTAPCMS.cs:line 245
   at GrpcService.HKSDK.CMSService.Initialize() in E:\国控\code\hk_grpc_service\GrpcService\HKSDK\CMSService.cs:line 108
2025-08-07 15:59:30 [INF] GrpcService.HKSDK.DeviceManager: 开始清理设备管理器资源...
2025-08-07 15:59:30 [INF] GrpcService.HKSDK.DeviceManager: 设备管理器已释放所有资源，清理设备数量: 0
2025-08-07 15:59:30 [FTL] : Ӧʧ
System.DllNotFoundException: Unable to load DLL 'HCOTAPCMS.dll' or one of its dependencies: 找不到指定的模块。 (0x8007007E)
   at GrpcService.HKSDK.HCOTAPCMS.OTAP_CMS_Init_Windows()
   at GrpcService.HKSDK.HCOTAPCMS.OTAP_CMS_Init() in E:\国控\code\hk_grpc_service\GrpcService\HKSDK\HCOTAPCMS.cs:line 245
   at GrpcService.HKSDK.CMSService.Initialize() in E:\国控\code\hk_grpc_service\GrpcService\HKSDK\CMSService.cs:line 108
   at GrpcService.HKSDK.CMSService..ctor(ILogger`1 logger, DeviceManager deviceManager, IDeviceLoggerService deviceLogger, IOptions`1 config, IOptions`1 libraryConfig) in E:\国控\code\hk_grpc_service\GrpcService\HKSDK\CMSService.cs:line 47
   at System.RuntimeMethodHandle.InvokeMethod(Object target, Void** arguments, Signature sig, Boolean isConstructor)
   at System.Reflection.MethodBaseInvoker.InvokeWithManyArgs(Object obj, BindingFlags invokeAttr, Binder binder, Object[] parameters, CultureInfo culture)
   at System.Reflection.RuntimeConstructorInfo.Invoke(BindingFlags invokeAttr, Binder binder, Object[] parameters, CultureInfo culture)
   at Microsoft.Extensions.DependencyInjection.ServiceLookup.CallSiteRuntimeResolver.VisitConstructor(ConstructorCallSite constructorCallSite, RuntimeResolverContext context)
   at Microsoft.Extensions.DependencyInjection.ServiceLookup.CallSiteVisitor`2.VisitCallSiteMain(ServiceCallSite callSite, TArgument argument)
   at Microsoft.Extensions.DependencyInjection.ServiceLookup.CallSiteRuntimeResolver.VisitRootCache(ServiceCallSite callSite, RuntimeResolverContext context)
   at Microsoft.Extensions.DependencyInjection.ServiceLookup.CallSiteVisitor`2.VisitCallSite(ServiceCallSite callSite, TArgument argument)
   at Microsoft.Extensions.DependencyInjection.ServiceLookup.CallSiteRuntimeResolver.Resolve(ServiceCallSite callSite, ServiceProviderEngineScope scope)
   at Microsoft.Extensions.DependencyInjection.ServiceProvider.CreateServiceAccessor(ServiceIdentifier serviceIdentifier)
   at System.Collections.Concurrent.ConcurrentDictionary`2.GetOrAdd(TKey key, Func`2 valueFactory)
   at Microsoft.Extensions.DependencyInjection.ServiceProvider.GetService(ServiceIdentifier serviceIdentifier, ServiceProviderEngineScope serviceProviderEngineScope)
   at Microsoft.Extensions.DependencyInjection.ServiceLookup.ServiceProviderEngineScope.GetService(Type serviceType)
   at Microsoft.Extensions.DependencyInjection.ServiceProviderServiceExtensions.GetRequiredService(IServiceProvider provider, Type serviceType)
   at Microsoft.Extensions.DependencyInjection.ServiceProviderServiceExtensions.GetRequiredService[T](IServiceProvider provider)
   at Program.<>c.<<Main>$>b__0_1(IServiceProvider provider) in E:\国控\code\hk_grpc_service\GrpcService\Program.cs:line 55
   at Microsoft.Extensions.DependencyInjection.ServiceLookup.CallSiteRuntimeResolver.VisitFactory(FactoryCallSite factoryCallSite, RuntimeResolverContext context)
   at Microsoft.Extensions.DependencyInjection.ServiceLookup.CallSiteVisitor`2.VisitCallSiteMain(ServiceCallSite callSite, TArgument argument)
   at Microsoft.Extensions.DependencyInjection.ServiceLookup.CallSiteRuntimeResolver.VisitRootCache(ServiceCallSite callSite, RuntimeResolverContext context)
   at Microsoft.Extensions.DependencyInjection.ServiceLookup.CallSiteVisitor`2.VisitCallSite(ServiceCallSite callSite, TArgument argument)
   at Microsoft.Extensions.DependencyInjection.ServiceLookup.CallSiteRuntimeResolver.VisitIEnumerable(IEnumerableCallSite enumerableCallSite, RuntimeResolverContext context)
   at Microsoft.Extensions.DependencyInjection.ServiceLookup.CallSiteVisitor`2.VisitCallSiteMain(ServiceCallSite callSite, TArgument argument)
   at Microsoft.Extensions.DependencyInjection.ServiceLookup.CallSiteRuntimeResolver.VisitRootCache(ServiceCallSite callSite, RuntimeResolverContext context)
   at Microsoft.Extensions.DependencyInjection.ServiceLookup.CallSiteVisitor`2.VisitCallSite(ServiceCallSite callSite, TArgument argument)
   at Microsoft.Extensions.DependencyInjection.ServiceLookup.CallSiteRuntimeResolver.Resolve(ServiceCallSite callSite, ServiceProviderEngineScope scope)
   at Microsoft.Extensions.DependencyInjection.ServiceProvider.CreateServiceAccessor(ServiceIdentifier serviceIdentifier)
   at System.Collections.Concurrent.ConcurrentDictionary`2.GetOrAdd(TKey key, Func`2 valueFactory)
   at Microsoft.Extensions.DependencyInjection.ServiceProvider.GetService(ServiceIdentifier serviceIdentifier, ServiceProviderEngineScope serviceProviderEngineScope)
   at Microsoft.Extensions.DependencyInjection.ServiceProvider.GetService(Type serviceType)
   at Microsoft.Extensions.DependencyInjection.ServiceProviderServiceExtensions.GetRequiredService(IServiceProvider provider, Type serviceType)
   at Microsoft.Extensions.DependencyInjection.ServiceProviderServiceExtensions.GetRequiredService[T](IServiceProvider provider)
   at Microsoft.Extensions.Hosting.Internal.Host.StartAsync(CancellationToken cancellationToken)
   at Microsoft.Extensions.Hosting.HostingAbstractionsHostExtensions.RunAsync(IHost host, CancellationToken token)
   at Microsoft.Extensions.Hosting.HostingAbstractionsHostExtensions.RunAsync(IHost host, CancellationToken token)
   at Microsoft.Extensions.Hosting.HostingAbstractionsHostExtensions.Run(IHost host)
   at Program.<Main>$(String[] args) in E:\国控\code\hk_grpc_service\GrpcService\Program.cs:line 112
2025-08-07 16:02:26 [INF] : 正在启动海康设备gRPC服务...
2025-08-07 16:02:26 [INF] : 服务地址: "0.0.0.0":15201
2025-08-07 16:02:26 [INF] GrpcService.HKSDK.DeviceManager: 设备管理器初始化完成，支持最大并发操作: 10
2025-08-07 16:02:26 [INF] GrpcService.HKSDK.CMSService: 开始初始化CMS服务...
2025-08-07 16:02:48 [ERR] GrpcService.HKSDK.CMSService: CMS服务初始化失败
System.DllNotFoundException: Unable to load DLL 'HCOTAPCMS.dll' or one of its dependencies: 找不到指定的模块。 (0x8007007E)
   at GrpcService.HKSDK.HCOTAPCMS.OTAP_CMS_Init_Windows()
   at GrpcService.HKSDK.HCOTAPCMS.OTAP_CMS_Init() in E:\国控\code\hk_grpc_service\GrpcService\HKSDK\HCOTAPCMS.cs:line 245
   at GrpcService.HKSDK.CMSService.Initialize() in E:\国控\code\hk_grpc_service\GrpcService\HKSDK\CMSService.cs:line 108
2025-08-07 16:02:51 [INF] GrpcService.HKSDK.DeviceManager: 开始清理设备管理器资源...
2025-08-07 16:02:51 [INF] GrpcService.HKSDK.DeviceManager: 设备管理器已释放所有资源，清理设备数量: 0
2025-08-07 16:02:51 [FTL] : Ӧʧ
System.DllNotFoundException: Unable to load DLL 'HCOTAPCMS.dll' or one of its dependencies: 找不到指定的模块。 (0x8007007E)
   at GrpcService.HKSDK.HCOTAPCMS.OTAP_CMS_Init_Windows()
   at GrpcService.HKSDK.HCOTAPCMS.OTAP_CMS_Init() in E:\国控\code\hk_grpc_service\GrpcService\HKSDK\HCOTAPCMS.cs:line 245
   at GrpcService.HKSDK.CMSService.Initialize() in E:\国控\code\hk_grpc_service\GrpcService\HKSDK\CMSService.cs:line 108
   at GrpcService.HKSDK.CMSService..ctor(ILogger`1 logger, DeviceManager deviceManager, IDeviceLoggerService deviceLogger, IOptions`1 config, IOptions`1 libraryConfig) in E:\国控\code\hk_grpc_service\GrpcService\HKSDK\CMSService.cs:line 47
   at System.RuntimeMethodHandle.InvokeMethod(Object target, Void** arguments, Signature sig, Boolean isConstructor)
   at System.Reflection.MethodBaseInvoker.InvokeWithManyArgs(Object obj, BindingFlags invokeAttr, Binder binder, Object[] parameters, CultureInfo culture)
   at System.Reflection.RuntimeConstructorInfo.Invoke(BindingFlags invokeAttr, Binder binder, Object[] parameters, CultureInfo culture)
   at Microsoft.Extensions.DependencyInjection.ServiceLookup.CallSiteRuntimeResolver.VisitConstructor(ConstructorCallSite constructorCallSite, RuntimeResolverContext context)
   at Microsoft.Extensions.DependencyInjection.ServiceLookup.CallSiteVisitor`2.VisitCallSiteMain(ServiceCallSite callSite, TArgument argument)
   at Microsoft.Extensions.DependencyInjection.ServiceLookup.CallSiteRuntimeResolver.VisitRootCache(ServiceCallSite callSite, RuntimeResolverContext context)
   at Microsoft.Extensions.DependencyInjection.ServiceLookup.CallSiteVisitor`2.VisitCallSite(ServiceCallSite callSite, TArgument argument)
   at Microsoft.Extensions.DependencyInjection.ServiceLookup.CallSiteRuntimeResolver.Resolve(ServiceCallSite callSite, ServiceProviderEngineScope scope)
   at Microsoft.Extensions.DependencyInjection.ServiceProvider.CreateServiceAccessor(ServiceIdentifier serviceIdentifier)
   at System.Collections.Concurrent.ConcurrentDictionary`2.GetOrAdd(TKey key, Func`2 valueFactory)
   at Microsoft.Extensions.DependencyInjection.ServiceProvider.GetService(ServiceIdentifier serviceIdentifier, ServiceProviderEngineScope serviceProviderEngineScope)
   at Microsoft.Extensions.DependencyInjection.ServiceLookup.ServiceProviderEngineScope.GetService(Type serviceType)
   at Microsoft.Extensions.DependencyInjection.ServiceProviderServiceExtensions.GetRequiredService(IServiceProvider provider, Type serviceType)
   at Microsoft.Extensions.DependencyInjection.ServiceProviderServiceExtensions.GetRequiredService[T](IServiceProvider provider)
   at Program.<>c.<<Main>$>b__0_1(IServiceProvider provider) in E:\国控\code\hk_grpc_service\GrpcService\Program.cs:line 55
   at Microsoft.Extensions.DependencyInjection.ServiceLookup.CallSiteRuntimeResolver.VisitFactory(FactoryCallSite factoryCallSite, RuntimeResolverContext context)
   at Microsoft.Extensions.DependencyInjection.ServiceLookup.CallSiteVisitor`2.VisitCallSiteMain(ServiceCallSite callSite, TArgument argument)
   at Microsoft.Extensions.DependencyInjection.ServiceLookup.CallSiteRuntimeResolver.VisitRootCache(ServiceCallSite callSite, RuntimeResolverContext context)
   at Microsoft.Extensions.DependencyInjection.ServiceLookup.CallSiteVisitor`2.VisitCallSite(ServiceCallSite callSite, TArgument argument)
   at Microsoft.Extensions.DependencyInjection.ServiceLookup.CallSiteRuntimeResolver.VisitIEnumerable(IEnumerableCallSite enumerableCallSite, RuntimeResolverContext context)
   at Microsoft.Extensions.DependencyInjection.ServiceLookup.CallSiteVisitor`2.VisitCallSiteMain(ServiceCallSite callSite, TArgument argument)
   at Microsoft.Extensions.DependencyInjection.ServiceLookup.CallSiteRuntimeResolver.VisitRootCache(ServiceCallSite callSite, RuntimeResolverContext context)
   at Microsoft.Extensions.DependencyInjection.ServiceLookup.CallSiteVisitor`2.VisitCallSite(ServiceCallSite callSite, TArgument argument)
   at Microsoft.Extensions.DependencyInjection.ServiceLookup.CallSiteRuntimeResolver.Resolve(ServiceCallSite callSite, ServiceProviderEngineScope scope)
   at Microsoft.Extensions.DependencyInjection.ServiceProvider.CreateServiceAccessor(ServiceIdentifier serviceIdentifier)
   at System.Collections.Concurrent.ConcurrentDictionary`2.GetOrAdd(TKey key, Func`2 valueFactory)
   at Microsoft.Extensions.DependencyInjection.ServiceProvider.GetService(ServiceIdentifier serviceIdentifier, ServiceProviderEngineScope serviceProviderEngineScope)
   at Microsoft.Extensions.DependencyInjection.ServiceProvider.GetService(Type serviceType)
   at Microsoft.Extensions.DependencyInjection.ServiceProviderServiceExtensions.GetRequiredService(IServiceProvider provider, Type serviceType)
   at Microsoft.Extensions.DependencyInjection.ServiceProviderServiceExtensions.GetRequiredService[T](IServiceProvider provider)
   at Microsoft.Extensions.Hosting.Internal.Host.StartAsync(CancellationToken cancellationToken)
   at Microsoft.Extensions.Hosting.HostingAbstractionsHostExtensions.RunAsync(IHost host, CancellationToken token)
   at Microsoft.Extensions.Hosting.HostingAbstractionsHostExtensions.RunAsync(IHost host, CancellationToken token)
   at Microsoft.Extensions.Hosting.HostingAbstractionsHostExtensions.Run(IHost host)
   at Program.<Main>$(String[] args) in E:\国控\code\hk_grpc_service\GrpcService\Program.cs:line 112
2025-08-07 16:22:24 [INF] : 正在启动海康设备gRPC服务...
2025-08-07 16:22:24 [INF] : 服务地址: "0.0.0.0":15201
2025-08-07 16:22:24 [INF] GrpcService.HKSDK.DeviceManager: 设备管理器初始化完成，支持最大并发操作: 10
2025-08-07 16:22:24 [INF] GrpcService.Services.GrpcRequestQueueService: gRPC请求队列服务初始化完成，最大并发请求: 20, 队列容量: 1000
2025-08-07 16:22:24 [INF] GrpcService.HKSDK.CMSService: 正在启动CMSService...
2025-08-07 16:22:24 [INF] GrpcService.HKSDK.CMSService: 开始初始化CMS服务...
2025-08-07 16:22:24 [WRN] GrpcService.HKSDK.CMSService: 库文件不存在: "E:\国控\code\hk_grpc_service\GrpcService\bin\Debug\net8.0\Libs\Windows\libcrypto-3-x64.dll"
2025-08-07 16:22:24 [WRN] GrpcService.HKSDK.CMSService: 库文件不存在: "E:\国控\code\hk_grpc_service\GrpcService\bin\Debug\net8.0\Libs\Windows\libssl-3-x64.dll"
2025-08-07 16:22:24 [WRN] GrpcService.HKSDK.CMSService: 库文件不存在: "E:\国控\code\hk_grpc_service\GrpcService\bin\Debug\net8.0\Libs\Windows\libiconv2.dll"
2025-08-07 16:22:24 [WRN] GrpcService.HKSDK.CMSService: 库文件不存在: "E:\国控\code\hk_grpc_service\GrpcService\bin\Debug\net8.0\Libs\Windows\zlib1.dll"
2025-08-07 16:22:24 [ERR] GrpcService.HKSDK.CMSService: CMS服务初始化失败
System.DllNotFoundException: Unable to load DLL 'HCOTAPCMS.dll' or one of its dependencies: 找不到指定的模块。 (0x8007007E)
   at GrpcService.HKSDK.HCOTAPCMS.OTAP_CMS_Init_Windows()
   at GrpcService.HKSDK.HCOTAPCMS.OTAP_CMS_Init() in E:\国控\code\hk_grpc_service\GrpcService\HKSDK\HCOTAPCMS.cs:line 245
   at GrpcService.HKSDK.CMSService.Initialize() in E:\国控\code\hk_grpc_service\GrpcService\HKSDK\CMSService.cs:line 108
2025-08-07 16:22:27 [ERR] Microsoft.Extensions.Hosting.Internal.Host: Hosting failed to start
System.DllNotFoundException: Unable to load DLL 'HCOTAPCMS.dll' or one of its dependencies: 找不到指定的模块。 (0x8007007E)
   at GrpcService.HKSDK.HCOTAPCMS.OTAP_CMS_Init_Windows()
   at GrpcService.HKSDK.HCOTAPCMS.OTAP_CMS_Init() in E:\国控\code\hk_grpc_service\GrpcService\HKSDK\HCOTAPCMS.cs:line 245
   at GrpcService.HKSDK.CMSService.Initialize() in E:\国控\code\hk_grpc_service\GrpcService\HKSDK\CMSService.cs:line 108
   at GrpcService.HKSDK.CMSService.<StartAsync>b__16_0() in E:\国控\code\hk_grpc_service\GrpcService\HKSDK\CMSService.cs:line 75
   at System.Threading.ExecutionContext.RunFromThreadPoolDispatchLoop(Thread threadPoolThread, ExecutionContext executionContext, ContextCallback callback, Object state)
--- End of stack trace from previous location ---
   at System.Threading.ExecutionContext.RunFromThreadPoolDispatchLoop(Thread threadPoolThread, ExecutionContext executionContext, ContextCallback callback, Object state)
   at System.Threading.Tasks.Task.ExecuteWithThreadLocal(Task& currentTaskSlot, Thread threadPoolThread)
--- End of stack trace from previous location ---
   at GrpcService.HKSDK.CMSService.StartAsync(CancellationToken cancellationToken) in E:\国控\code\hk_grpc_service\GrpcService\HKSDK\CMSService.cs:line 75
   at Microsoft.Extensions.Hosting.Internal.Host.<StartAsync>b__15_1(IHostedService service, CancellationToken token)
   at Microsoft.Extensions.Hosting.Internal.Host.ForeachService[T](IEnumerable`1 services, CancellationToken token, Boolean concurrent, Boolean abortOnFirstException, List`1 exceptions, Func`3 operation)
2025-08-07 16:22:27 [INF] GrpcService.Services.GrpcRequestQueueService: 开始清理gRPC请求队列服务...
2025-08-07 16:22:27 [INF] GrpcService.Services.GrpcRequestQueueService: gRPC请求队列服务清理完成
2025-08-07 16:22:27 [INF] GrpcService.HKSDK.DeviceManager: 开始清理设备管理器资源...
2025-08-07 16:22:27 [INF] GrpcService.HKSDK.DeviceManager: 设备管理器已释放所有资源，清理设备数量: 0
2025-08-07 16:22:27 [INF] GrpcService.HKSDK.CMSService: 开始清理CMS服务资源...
2025-08-07 16:22:27 [INF] GrpcService.HKSDK.CMSService: CMS服务资源清理完成
2025-08-07 16:22:27 [FTL] : Ӧʧ
System.DllNotFoundException: Unable to load DLL 'HCOTAPCMS.dll' or one of its dependencies: 找不到指定的模块。 (0x8007007E)
   at GrpcService.HKSDK.HCOTAPCMS.OTAP_CMS_Init_Windows()
   at GrpcService.HKSDK.HCOTAPCMS.OTAP_CMS_Init() in E:\国控\code\hk_grpc_service\GrpcService\HKSDK\HCOTAPCMS.cs:line 245
   at GrpcService.HKSDK.CMSService.Initialize() in E:\国控\code\hk_grpc_service\GrpcService\HKSDK\CMSService.cs:line 108
   at GrpcService.HKSDK.CMSService.<StartAsync>b__16_0() in E:\国控\code\hk_grpc_service\GrpcService\HKSDK\CMSService.cs:line 75
   at System.Threading.ExecutionContext.RunFromThreadPoolDispatchLoop(Thread threadPoolThread, ExecutionContext executionContext, ContextCallback callback, Object state)
--- End of stack trace from previous location ---
   at System.Threading.ExecutionContext.RunFromThreadPoolDispatchLoop(Thread threadPoolThread, ExecutionContext executionContext, ContextCallback callback, Object state)
   at System.Threading.Tasks.Task.ExecuteWithThreadLocal(Task& currentTaskSlot, Thread threadPoolThread)
--- End of stack trace from previous location ---
   at GrpcService.HKSDK.CMSService.StartAsync(CancellationToken cancellationToken) in E:\国控\code\hk_grpc_service\GrpcService\HKSDK\CMSService.cs:line 75
   at Microsoft.Extensions.Hosting.Internal.Host.<StartAsync>b__15_1(IHostedService service, CancellationToken token)
   at Microsoft.Extensions.Hosting.Internal.Host.ForeachService[T](IEnumerable`1 services, CancellationToken token, Boolean concurrent, Boolean abortOnFirstException, List`1 exceptions, Func`3 operation)
   at Microsoft.Extensions.Hosting.Internal.Host.StartAsync(CancellationToken cancellationToken)
   at Microsoft.Extensions.Hosting.HostingAbstractionsHostExtensions.RunAsync(IHost host, CancellationToken token)
   at Microsoft.Extensions.Hosting.HostingAbstractionsHostExtensions.RunAsync(IHost host, CancellationToken token)
   at Microsoft.Extensions.Hosting.HostingAbstractionsHostExtensions.Run(IHost host)
   at Program.<Main>$(String[] args) in E:\国控\code\hk_grpc_service\GrpcService\Program.cs:line 112
2025-08-07 16:22:48 [INF] : 正在启动海康设备gRPC服务...
2025-08-07 16:22:48 [INF] : 服务地址: "0.0.0.0":15201
2025-08-07 16:22:48 [INF] GrpcService.HKSDK.DeviceManager: 设备管理器初始化完成，支持最大并发操作: 10
2025-08-07 16:22:48 [INF] GrpcService.Services.GrpcRequestQueueService: gRPC请求队列服务初始化完成，最大并发请求: 20, 队列容量: 1000
2025-08-07 16:22:48 [INF] GrpcService.HKSDK.CMSService: 正在启动CMSService...
2025-08-07 16:22:48 [INF] GrpcService.HKSDK.CMSService: 开始初始化CMS服务...
2025-08-07 16:22:48 [WRN] GrpcService.HKSDK.CMSService: 库文件不存在: "E:\国控\code\hk_grpc_service\GrpcService\bin\Debug\net8.0\Libs\Windows\libcrypto-3-x64.dll"
2025-08-07 16:22:48 [WRN] GrpcService.HKSDK.CMSService: 库文件不存在: "E:\国控\code\hk_grpc_service\GrpcService\bin\Debug\net8.0\Libs\Windows\libssl-3-x64.dll"
2025-08-07 16:22:48 [WRN] GrpcService.HKSDK.CMSService: 库文件不存在: "E:\国控\code\hk_grpc_service\GrpcService\bin\Debug\net8.0\Libs\Windows\libiconv2.dll"
2025-08-07 16:22:48 [WRN] GrpcService.HKSDK.CMSService: 库文件不存在: "E:\国控\code\hk_grpc_service\GrpcService\bin\Debug\net8.0\Libs\Windows\zlib1.dll"
2025-08-07 16:22:49 [ERR] GrpcService.HKSDK.CMSService: CMS服务初始化失败
System.DllNotFoundException: Unable to load DLL 'HCOTAPCMS.dll' or one of its dependencies: 找不到指定的模块。 (0x8007007E)
   at GrpcService.HKSDK.HCOTAPCMS.OTAP_CMS_Init_Windows()
   at GrpcService.HKSDK.HCOTAPCMS.OTAP_CMS_Init() in E:\国控\code\hk_grpc_service\GrpcService\HKSDK\HCOTAPCMS.cs:line 245
   at GrpcService.HKSDK.CMSService.Initialize() in E:\国控\code\hk_grpc_service\GrpcService\HKSDK\CMSService.cs:line 108
2025-08-07 16:23:21 [ERR] Microsoft.Extensions.Hosting.Internal.Host: Hosting failed to start
System.DllNotFoundException: Unable to load DLL 'HCOTAPCMS.dll' or one of its dependencies: 找不到指定的模块。 (0x8007007E)
   at GrpcService.HKSDK.HCOTAPCMS.OTAP_CMS_Init_Windows()
   at GrpcService.HKSDK.HCOTAPCMS.OTAP_CMS_Init() in E:\国控\code\hk_grpc_service\GrpcService\HKSDK\HCOTAPCMS.cs:line 245
   at GrpcService.HKSDK.CMSService.Initialize() in E:\国控\code\hk_grpc_service\GrpcService\HKSDK\CMSService.cs:line 108
   at GrpcService.HKSDK.CMSService.<StartAsync>b__16_0() in E:\国控\code\hk_grpc_service\GrpcService\HKSDK\CMSService.cs:line 75
   at System.Threading.ExecutionContext.RunFromThreadPoolDispatchLoop(Thread threadPoolThread, ExecutionContext executionContext, ContextCallback callback, Object state)
--- End of stack trace from previous location ---
   at System.Threading.ExecutionContext.RunFromThreadPoolDispatchLoop(Thread threadPoolThread, ExecutionContext executionContext, ContextCallback callback, Object state)
   at System.Threading.Tasks.Task.ExecuteWithThreadLocal(Task& currentTaskSlot, Thread threadPoolThread)
--- End of stack trace from previous location ---
   at GrpcService.HKSDK.CMSService.StartAsync(CancellationToken cancellationToken) in E:\国控\code\hk_grpc_service\GrpcService\HKSDK\CMSService.cs:line 75
   at Microsoft.Extensions.Hosting.Internal.Host.<StartAsync>b__15_1(IHostedService service, CancellationToken token)
   at Microsoft.Extensions.Hosting.Internal.Host.ForeachService[T](IEnumerable`1 services, CancellationToken token, Boolean concurrent, Boolean abortOnFirstException, List`1 exceptions, Func`3 operation)
2025-08-07 16:23:21 [INF] GrpcService.Services.GrpcRequestQueueService: 开始清理gRPC请求队列服务...
2025-08-07 16:23:21 [INF] GrpcService.Services.GrpcRequestQueueService: gRPC请求队列服务清理完成
2025-08-07 16:23:21 [INF] GrpcService.HKSDK.DeviceManager: 开始清理设备管理器资源...
2025-08-07 16:23:21 [INF] GrpcService.HKSDK.DeviceManager: 设备管理器已释放所有资源，清理设备数量: 0
2025-08-07 16:23:21 [INF] GrpcService.HKSDK.CMSService: 开始清理CMS服务资源...
2025-08-07 16:23:21 [INF] GrpcService.HKSDK.CMSService: CMS服务资源清理完成
2025-08-07 16:23:21 [FTL] : Ӧʧ
System.DllNotFoundException: Unable to load DLL 'HCOTAPCMS.dll' or one of its dependencies: 找不到指定的模块。 (0x8007007E)
   at GrpcService.HKSDK.HCOTAPCMS.OTAP_CMS_Init_Windows()
   at GrpcService.HKSDK.HCOTAPCMS.OTAP_CMS_Init() in E:\国控\code\hk_grpc_service\GrpcService\HKSDK\HCOTAPCMS.cs:line 245
   at GrpcService.HKSDK.CMSService.Initialize() in E:\国控\code\hk_grpc_service\GrpcService\HKSDK\CMSService.cs:line 108
   at GrpcService.HKSDK.CMSService.<StartAsync>b__16_0() in E:\国控\code\hk_grpc_service\GrpcService\HKSDK\CMSService.cs:line 75
   at System.Threading.ExecutionContext.RunFromThreadPoolDispatchLoop(Thread threadPoolThread, ExecutionContext executionContext, ContextCallback callback, Object state)
--- End of stack trace from previous location ---
   at System.Threading.ExecutionContext.RunFromThreadPoolDispatchLoop(Thread threadPoolThread, ExecutionContext executionContext, ContextCallback callback, Object state)
   at System.Threading.Tasks.Task.ExecuteWithThreadLocal(Task& currentTaskSlot, Thread threadPoolThread)
--- End of stack trace from previous location ---
   at GrpcService.HKSDK.CMSService.StartAsync(CancellationToken cancellationToken) in E:\国控\code\hk_grpc_service\GrpcService\HKSDK\CMSService.cs:line 75
   at Microsoft.Extensions.Hosting.Internal.Host.<StartAsync>b__15_1(IHostedService service, CancellationToken token)
   at Microsoft.Extensions.Hosting.Internal.Host.ForeachService[T](IEnumerable`1 services, CancellationToken token, Boolean concurrent, Boolean abortOnFirstException, List`1 exceptions, Func`3 operation)
   at Microsoft.Extensions.Hosting.Internal.Host.StartAsync(CancellationToken cancellationToken)
   at Microsoft.Extensions.Hosting.HostingAbstractionsHostExtensions.RunAsync(IHost host, CancellationToken token)
   at Microsoft.Extensions.Hosting.HostingAbstractionsHostExtensions.RunAsync(IHost host, CancellationToken token)
   at Microsoft.Extensions.Hosting.HostingAbstractionsHostExtensions.Run(IHost host)
   at Program.<Main>$(String[] args) in E:\国控\code\hk_grpc_service\GrpcService\Program.cs:line 112
2025-08-07 16:23:25 [INF] : 正在启动海康设备gRPC服务...
2025-08-07 16:23:25 [INF] : 服务地址: "0.0.0.0":15201
2025-08-07 16:23:25 [INF] GrpcService.HKSDK.DeviceManager: 设备管理器初始化完成，支持最大并发操作: 10
2025-08-07 16:23:25 [INF] GrpcService.Services.GrpcRequestQueueService: gRPC请求队列服务初始化完成，最大并发请求: 20, 队列容量: 1000
2025-08-07 16:23:25 [INF] GrpcService.HKSDK.CMSService: 正在启动CMSService...
2025-08-07 16:23:25 [INF] GrpcService.HKSDK.CMSService: 开始初始化CMS服务...
2025-08-07 16:24:36 [INF] : 正在启动海康设备gRPC服务...
2025-08-07 16:24:37 [INF] : 服务地址: "0.0.0.0":15201
2025-08-07 16:24:37 [INF] GrpcService.HKSDK.DeviceManager: 设备管理器初始化完成，支持最大并发操作: 10
2025-08-07 16:24:37 [INF] GrpcService.Services.GrpcRequestQueueService: gRPC请求队列服务初始化完成，最大并发请求: 20, 队列容量: 1000
2025-08-07 16:24:37 [INF] GrpcService.HKSDK.CMSService: 正在启动CMSService...
2025-08-07 16:24:37 [INF] GrpcService.HKSDK.CMSService: 开始初始化CMS服务...
2025-08-07 16:25:00 [ERR] GrpcService.HKSDK.CMSService: 设置库路径异常 "libcrypto"
System.DllNotFoundException: Unable to load DLL 'HCOTAPCMS.dll' or one of its dependencies: 找不到指定的模块。 (0x8007007E)
   at GrpcService.HKSDK.HCOTAPCMS.OTAP_CMS_SetSDKInitCfg_Windows(Int32 enumType, IntPtr lpInBuff)
   at GrpcService.HKSDK.HCOTAPCMS.OTAP_CMS_SetSDKInitCfg(Int32 enumType, IntPtr lpInBuff) in E:\国控\code\hk_grpc_service\GrpcService\HKSDK\HCOTAPCMS.cs:line 376
   at GrpcService.HKSDK.CMSService.SetupDependencyLibraries() in E:\国控\code\hk_grpc_service\GrpcService\HKSDK\CMSService.cs:line 940
2025-08-07 16:25:00 [ERR] GrpcService.HKSDK.CMSService: 设置库路径异常 "libssl"
System.DllNotFoundException: Unable to load DLL 'HCOTAPCMS.dll' or one of its dependencies: 找不到指定的模块。 (0x8007007E)
   at GrpcService.HKSDK.HCOTAPCMS.OTAP_CMS_SetSDKInitCfg_Windows(Int32 enumType, IntPtr lpInBuff)
   at GrpcService.HKSDK.HCOTAPCMS.OTAP_CMS_SetSDKInitCfg(Int32 enumType, IntPtr lpInBuff) in E:\国控\code\hk_grpc_service\GrpcService\HKSDK\HCOTAPCMS.cs:line 376
   at GrpcService.HKSDK.CMSService.SetupDependencyLibraries() in E:\国控\code\hk_grpc_service\GrpcService\HKSDK\CMSService.cs:line 940
2025-08-07 16:25:00 [ERR] GrpcService.HKSDK.CMSService: 设置库路径异常 "libiconv2"
System.DllNotFoundException: Unable to load DLL 'HCOTAPCMS.dll' or one of its dependencies: 找不到指定的模块。 (0x8007007E)
   at GrpcService.HKSDK.HCOTAPCMS.OTAP_CMS_SetSDKInitCfg_Windows(Int32 enumType, IntPtr lpInBuff)
   at GrpcService.HKSDK.HCOTAPCMS.OTAP_CMS_SetSDKInitCfg(Int32 enumType, IntPtr lpInBuff) in E:\国控\code\hk_grpc_service\GrpcService\HKSDK\HCOTAPCMS.cs:line 376
   at GrpcService.HKSDK.CMSService.SetupDependencyLibraries() in E:\国控\code\hk_grpc_service\GrpcService\HKSDK\CMSService.cs:line 940
2025-08-07 16:25:00 [ERR] GrpcService.HKSDK.CMSService: 设置库路径异常 "libz"
System.DllNotFoundException: Unable to load DLL 'HCOTAPCMS.dll' or one of its dependencies: 找不到指定的模块。 (0x8007007E)
   at GrpcService.HKSDK.HCOTAPCMS.OTAP_CMS_SetSDKInitCfg_Windows(Int32 enumType, IntPtr lpInBuff)
   at GrpcService.HKSDK.HCOTAPCMS.OTAP_CMS_SetSDKInitCfg(Int32 enumType, IntPtr lpInBuff) in E:\国控\code\hk_grpc_service\GrpcService\HKSDK\HCOTAPCMS.cs:line 376
   at GrpcService.HKSDK.CMSService.SetupDependencyLibraries() in E:\国控\code\hk_grpc_service\GrpcService\HKSDK\CMSService.cs:line 940
2025-08-07 16:25:00 [ERR] GrpcService.HKSDK.CMSService: CMS服务初始化失败
System.DllNotFoundException: Unable to load DLL 'HCOTAPCMS.dll' or one of its dependencies: 找不到指定的模块。 (0x8007007E)
   at GrpcService.HKSDK.HCOTAPCMS.OTAP_CMS_Init_Windows()
   at GrpcService.HKSDK.HCOTAPCMS.OTAP_CMS_Init() in E:\国控\code\hk_grpc_service\GrpcService\HKSDK\HCOTAPCMS.cs:line 245
   at GrpcService.HKSDK.CMSService.Initialize() in E:\国控\code\hk_grpc_service\GrpcService\HKSDK\CMSService.cs:line 108
2025-08-07 16:25:43 [INF] : 正在启动海康设备gRPC服务...
2025-08-07 16:25:43 [INF] : 服务地址: "0.0.0.0":15201
2025-08-07 16:25:43 [INF] GrpcService.HKSDK.DeviceManager: 设备管理器初始化完成，支持最大并发操作: 10
2025-08-07 16:25:43 [INF] GrpcService.Services.GrpcRequestQueueService: gRPC请求队列服务初始化完成，最大并发请求: 20, 队列容量: 1000
2025-08-07 16:25:43 [INF] GrpcService.HKSDK.CMSService: 正在启动CMSService...
2025-08-07 16:25:43 [INF] GrpcService.HKSDK.CMSService: 开始初始化CMS服务...
2025-08-07 16:26:36 [INF] : 正在启动海康设备gRPC服务...
2025-08-07 16:26:36 [INF] : 服务地址: "0.0.0.0":15201
2025-08-07 16:26:36 [INF] GrpcService.HKSDK.DeviceManager: 设备管理器初始化完成，支持最大并发操作: 10
2025-08-07 16:26:36 [INF] GrpcService.Services.GrpcRequestQueueService: gRPC请求队列服务初始化完成，最大并发请求: 20, 队列容量: 1000
2025-08-07 16:26:36 [INF] GrpcService.HKSDK.CMSService: 正在启动CMSService...
2025-08-07 16:26:36 [INF] GrpcService.HKSDK.CMSService: 开始初始化CMS服务...
2025-08-07 18:04:22 [ERR] GrpcService.HKSDK.CMSService: 设置库路径异常 "libcrypto"
System.DllNotFoundException: Unable to load DLL 'HCOTAPCMS.dll' or one of its dependencies: 找不到指定的模块。 (0x8007007E)
   at GrpcService.HKSDK.HCOTAPCMS.OTAP_CMS_SetSDKInitCfg_Windows(Int32 enumType, IntPtr lpInBuff)
   at GrpcService.HKSDK.HCOTAPCMS.OTAP_CMS_SetSDKInitCfg(Int32 enumType, IntPtr lpInBuff) in E:\国控\code\hk_grpc_service\GrpcService\HKSDK\HCOTAPCMS.cs:line 376
   at GrpcService.HKSDK.CMSService.SetupDependencyLibraries() in E:\国控\code\hk_grpc_service\GrpcService\HKSDK\CMSService.cs:line 940
