2025-08-06 16:12:34 [INF] : 正在启动海康设备gRPC服务...
2025-08-06 16:12:34 [INF] : 服务监听地址: "0.0.0.0":5000
2025-08-06 16:12:34 [INF] GrpcService.HKSDK.DeviceManager: 设备管理器初始化完成，支持最大并发操作: 10
2025-08-06 16:12:34 [INF] GrpcService.Services.GrpcRequestQueueService: gRPC请求队列服务初始化完成，最大并发请求: 20, 队列容量: 1000
2025-08-06 16:12:34 [INF] GrpcService.HKSDK.DeviceManager: 设备管理器后台服务启动
2025-08-06 16:12:34 [INF] GrpcService.Services.GrpcRequestQueueService: gRPC请求队列处理服务启动
2025-08-06 16:12:34 [WRN] Microsoft.AspNetCore.Server.Kestrel: Overriding address(es) '"https://localhost:7177, http://localhost:5064"'. Binding to endpoints defined via IConfiguration and/or UseKestrel() instead.
2025-08-06 16:12:34 [INF] Microsoft.Hosting.Lifetime: Now listening on: "http://0.0.0.0:5000"
2025-08-06 16:12:34 [INF] Microsoft.AspNetCore.Mvc.Infrastructure.DefaultActionDescriptorCollectionProvider: No action descriptors found. This may indicate an incorrectly configured application or missing application parts. To learn more, visit https://aka.ms/aspnet/mvc/app-parts
2025-08-06 16:12:34 [INF] Microsoft.Hosting.Lifetime: Application started. Press Ctrl+C to shut down.
2025-08-06 16:12:34 [INF] Microsoft.Hosting.Lifetime: Hosting environment: "Development"
2025-08-06 16:12:34 [INF] Microsoft.Hosting.Lifetime: Content root path: "E:\国控\code\hk_grpc_service\GrpcService"
2025-08-06 17:10:45 [INF] : 正在启动海康设备gRPC服务...
2025-08-06 17:10:45 [INF] : 服务地址: "0.0.0.0":15201
2025-08-06 17:10:45 [INF] GrpcService.HKSDK.DeviceManager: 设备管理器初始化完成，支持最大并发操作: 10
2025-08-06 17:10:45 [INF] GrpcService.Services.GrpcRequestQueueService: gRPC请求队列服务初始化完成，最大并发请求: 20, 队列容量: 1000
2025-08-06 17:10:45 [INF] GrpcService.HKSDK.DeviceManager: 设备管理器后台服务启动
2025-08-06 17:10:45 [INF] GrpcService.Services.GrpcRequestQueueService: gRPC请求队列处理服务启动
2025-08-06 17:10:45 [WRN] Microsoft.AspNetCore.Server.Kestrel: Overriding address(es) '"https://localhost:7177, http://localhost:5064"'. Binding to endpoints defined via IConfiguration and/or UseKestrel() instead.
2025-08-06 17:10:45 [INF] Microsoft.Hosting.Lifetime: Now listening on: "http://0.0.0.0:15201"
2025-08-06 17:10:45 [INF] Microsoft.AspNetCore.Mvc.Infrastructure.DefaultActionDescriptorCollectionProvider: No action descriptors found. This may indicate an incorrectly configured application or missing application parts. To learn more, visit https://aka.ms/aspnet/mvc/app-parts
2025-08-06 17:10:45 [INF] Microsoft.Hosting.Lifetime: Application started. Press Ctrl+C to shut down.
2025-08-06 17:10:45 [INF] Microsoft.Hosting.Lifetime: Hosting environment: "Development"
2025-08-06 17:10:45 [INF] Microsoft.Hosting.Lifetime: Content root path: "E:\国控\code\hk_grpc_service\GrpcService"
